FILE_TYPE=LIBRARY_PARTS;
primitive 'RES','RES_0402','RES_0603','RES_0805','RES_1206','RES_1210','RES_1225','RES_2010','RES_2512','RES_SMD','RES_PTH','RES_0201','RES_2816','RES_1218';
  pin
    'A':
      PIN_NUMBER='(1)';
      PINUSE='UNSPEC';
      PIN_GROUP='1';
      NO_LOAD_CHECK='BOTH';
      NO_IO_CHECK='BOTH';
      ALLOW_CONNECT='TRUE';
    'B':
      PIN_NUMBER='(2)';
      PINUSE='UNSPEC';
      PIN_GROUP='1';
      NO_LOAD_CHECK='BOTH';
      NO_IO_CHECK='BOTH';
      ALLOW_CONNECT='TRUE';
  end_pin;
  body
    PART_NAME='RES';
    BODY_NAME='RES';
    PHYS_DES_PREFIX='R';
    CLASS='DISCRETE';
  end_body;
end_primitive;

END.
