
	(Comment
		(Time 02/28/07,11:55:12)
		(User Administrator)
		(MsgId ECO_332)
		(Text "Revision for symbol sym_3 has been updated to 1.0.0")
		(Param1 sym_3)
		(Param2 1.0.0)
	)
	(Comment
		(Time 02/28/07,11:55:12)
		(User Administrator)
		(MsgId ECO_332)
		(Text "Revision for symbol sym_2 has been updated to 1.0.0")
		(Param1 sym_2)
		(Param2 1.0.0)
	)
	(Comment
		(Time 02/28/07,11:55:12)
		(User Administrator)
		(MsgId ECO_332)
		(Text "Revision for symbol sym_1 has been updated to 1.0.0")
		(Param1 sym_1)
		(Param2 1.0.0)
	)
	(Comment
		(Time 02/28/07,11:55:12)
		(User Administrator)
		(MsgId ECO_333)
		(Text "Revision for package RES has been updated to 1.0.0")
		(Param1 RES)
		(Param2 1.0.0)
	)
	(Comment
		(Time 02/28/07,11:55:12)
		(User Administrator)
		(MsgId ECO_331)
		(Text "Revision for cell res has been updated to 1.0.0")
		(Param1 res)
		(Param2 1.0.0)
	)




	(Comment
		(Time 08/16/07,14:20:51)
		(User yangwen)
		(MsgId ECO_030)
		(Text "Alias RES_SMD added to package RES")
		(Param1 RES_SMD)
		(Param2 RES)
	)
	(Comment
		(Time 08/16/07,14:20:51)
		(User yangwen)
		(MsgId ECO_333)
		(Text "Revision for package RES has been updated to 1.1.0")
		(Param1 RES)
		(Param2 1.1.0)
	)
	(Comment
		(Time 08/16/07,14:20:51)
		(User yangwen)
		(MsgId ECO_331)
		(Text "Revision for cell res has been updated to 1.1.0")
		(Param1 res)
		(Param2 1.1.0)
	)



	(Comment
		(Time 12/04/07,10:26:00)
		(User yanyo)
		(MsgId ECO_030)
		(Text "Alias RES_PTH added to package RES")
		(Param1 RES_PTH)
		(Param2 RES)
	)
	(Comment
		(Time 12/04/07,10:26:00)
		(User yanyo)
		(MsgId ECO_333)
		(Text "Revision for package RES has been updated to 1.2.0")
		(Param1 RES)
		(Param2 1.2.0)
	)
	(Comment
		(Time 12/04/07,10:26:00)
		(User yanyo)
		(MsgId ECO_331)
		(Text "Revision for cell res has been updated to 1.2.0")
		(Param1 res)
		(Param2 1.2.0)
	)


	(Comment
		(Time 03/21/08,12:41:06)
		(User chenwei)
		(MsgId ECO_030)
		(Text "Alias RES_0201 added to package RES")
		(Param1 RES_0201)
		(Param2 RES)
	)
	(Comment
		(Time 03/21/08,12:41:06)
		(User chenwei)
		(MsgId ECO_333)
		(Text "Revision for package RES has been updated to 1.3.0")
		(Param1 RES)
		(Param2 1.3.0)
	)
	(Comment
		(Time 03/21/08,12:41:06)
		(User chenwei)
		(MsgId ECO_331)
		(Text "Revision for cell res has been updated to 1.3.0")
		(Param1 res)
		(Param2 1.3.0)
	)

	(Comment
		(Time 02/17/09,11:14:30)
		(User yangwen)
		(MsgId ECO_030)
		(Text "Alias RES_2816 added to package RES")
		(Param1 RES_2816)
		(Param2 RES)
	)
	(Comment
		(Time 02/17/09,11:14:30)
		(User yangwen)
		(MsgId ECO_030)
		(Text "Alias RES_1218 added to package RES")
		(Param1 RES_1218)
		(Param2 RES)
	)
	(Comment
		(Time 02/17/09,11:14:30)
		(User yangwen)
		(MsgId ECO_084)
		(Text "Property COMP_TYPE added to symbol sym_1")
		(Param1 COMP_TYPE)
		(Param2 sym_1)
	)
	(Comment
		(Time 02/17/09,11:14:30)
		(User yangwen)
		(MsgId ECO_114)
		(Text "Property visibility is modified for property $PN of pin A in symbol sym_1")
		(Param1 Property visibility)
		(Param2 $PN)
		(Param3 A)
		(Param4 sym_1)
	)
	(Comment
		(Time 02/17/09,11:14:30)
		(User yangwen)
		(MsgId ECO_114)
		(Text "Property visibility is modified for property $PN of pin B in symbol sym_1")
		(Param1 Property visibility)
		(Param2 $PN)
		(Param3 B)
		(Param4 sym_1)
	)
	(Comment
		(Time 02/17/09,11:14:30)
		(User yangwen)
		(MsgId ECO_094)
		(Text "Graphics in symbol  modified")
		(Param1 )
	)
	(Comment
		(Time 02/17/09,11:14:30)
		(User yangwen)
		(MsgId ECO_332)
		(Text "Revision for symbol sym_1 has been updated to 1.1.0")
		(Param1 sym_1)
		(Param2 1.1.0)
	)
	(Comment
		(Time 02/17/09,11:14:30)
		(User yangwen)
		(MsgId ECO_333)
		(Text "Revision for package RES has been updated to 1.4.0")
		(Param1 RES)
		(Param2 1.4.0)
	)
	(Comment
		(Time 02/17/09,11:14:30)
		(User yangwen)
		(MsgId ECO_331)
		(Text "Revision for cell res has been updated to 1.4.0")
		(Param1 res)
		(Param2 1.4.0)
	)









	(Comment
		(Time 06/11/09,14:21:28)
		(User yanyo)
		(MsgId ECO_030)
		(Text "Alias RES_0201 added to package RES")
		(Param1 RES_0201)
		(Param2 RES)
	)
	(Comment
		(Time 06/11/09,14:21:28)
		(User yanyo)
		(MsgId ECO_030)
		(Text "Alias RES_2816 added to package RES")
		(Param1 RES_2816)
		(Param2 RES)
	)
	(Comment
		(Time 06/11/09,14:21:28)
		(User yanyo)
		(MsgId ECO_030)
		(Text "Alias RES_1218 added to package RES")
		(Param1 RES_1218)
		(Param2 RES)
	)
	(Comment
		(Time 06/11/09,14:21:28)
		(User yanyo)
		(MsgId ECO_029.1)
		(Text "Property NO_LOAD_CHECK of pin A in slot S1 of package RES modified from Both to BOTH")
		(Param1 NO_LOAD_CHECK)
		(Param2 A)
		(Param3 S1)
		(Param4 RES)
		(Param5 Both)
		(Param6 BOTH)
	)
	(Comment
		(Time 06/11/09,14:21:28)
		(User yanyo)
		(MsgId ECO_029.1)
		(Text "Property NO_IO_CHECK of pin A in slot S1 of package RES modified from Both to BOTH")
		(Param1 NO_IO_CHECK)
		(Param2 A)
		(Param3 S1)
		(Param4 RES)
		(Param5 Both)
		(Param6 BOTH)
	)
	(Comment
		(Time 06/11/09,14:21:28)
		(User yanyo)
		(MsgId ECO_029.1)
		(Text "Property NO_LOAD_CHECK of pin B in slot S1 of package RES modified from Both to BOTH")
		(Param1 NO_LOAD_CHECK)
		(Param2 B)
		(Param3 S1)
		(Param4 RES)
		(Param5 Both)
		(Param6 BOTH)
	)
	(Comment
		(Time 06/11/09,14:21:28)
		(User yanyo)
		(MsgId ECO_029.1)
		(Text "Property NO_IO_CHECK of pin B in slot S1 of package RES modified from Both to BOTH")
		(Param1 NO_IO_CHECK)
		(Param2 B)
		(Param3 S1)
		(Param4 RES)
		(Param5 Both)
		(Param6 BOTH)
	)
	(Comment
		(Time 06/11/09,14:21:28)
		(User yanyo)
		(MsgId ECO_094)
		(Text "Graphics in symbol  modified")
		(Param1 )
	)
	(Comment
		(Time 06/11/09,14:21:28)
		(User yanyo)
		(MsgId ECO_094)
		(Text "Graphics in symbol  modified")
		(Param1 )
	)
	(Comment
		(Time 06/11/09,14:21:28)
		(User yanyo)
		(MsgId ECO_084)
		(Text "Property COMP_TYPE added to symbol sym_1")
		(Param1 COMP_TYPE)
		(Param2 sym_1)
	)
	(Comment
		(Time 06/11/09,14:21:28)
		(User yanyo)
		(MsgId ECO_114)
		(Text "Property visibility is modified for property $PN of pin A in symbol sym_1")
		(Param1 Property visibility)
		(Param2 $PN)
		(Param3 A)
		(Param4 sym_1)
	)
	(Comment
		(Time 06/11/09,14:21:28)
		(User yanyo)
		(MsgId ECO_114)
		(Text "Property visibility is modified for property $PN of pin B in symbol sym_1")
		(Param1 Property visibility)
		(Param2 $PN)
		(Param3 B)
		(Param4 sym_1)
	)
	(Comment
		(Time 06/11/09,14:21:28)
		(User yanyo)
		(MsgId ECO_094)
		(Text "Graphics in symbol  modified")
		(Param1 )
	)
	(Comment
		(Time 06/11/09,14:21:34)
		(User yanyo)
		(MsgId ECO_332)
		(Text "Revision for symbol sym_3 has been updated to 1.1.0")
		(Param1 sym_3)
		(Param2 1.1.0)
	)
	(Comment
		(Time 06/11/09,14:21:34)
		(User yanyo)
		(MsgId ECO_332)
		(Text "Revision for symbol sym_2 has been updated to 1.1.0")
		(Param1 sym_2)
		(Param2 1.1.0)
	)
	(Comment
		(Time 06/11/09,14:21:34)
		(User yanyo)
		(MsgId ECO_332)
		(Text "Revision for symbol sym_1 has been updated to 1.2.0")
		(Param1 sym_1)
		(Param2 1.2.0)
	)
	(Comment
		(Time 06/11/09,14:21:34)
		(User yanyo)
		(MsgId ECO_333)
		(Text "Revision for package RES has been updated to 1.5.0")
		(Param1 RES)
		(Param2 1.5.0)
	)
	(Comment
		(Time 06/11/09,14:21:34)
		(User yanyo)
		(MsgId ECO_331)
		(Text "Revision for cell res has been updated to 1.5.0")
		(Param1 res)
		(Param2 1.5.0)
	)
	(Comment
		(Time 06/15/09,14:31:22)
		(User yanyo)
		(MsgId ECO_094)
		(Text "Graphics in symbol  modified")
		(Param1 )
	)
	(Comment
		(Time 06/15/09,14:31:22)
		(User yanyo)
		(MsgId ECO_094)
		(Text "Graphics in symbol  modified")
		(Param1 )
	)
	(Comment
		(Time 06/15/09,14:31:22)
		(User yanyo)
		(MsgId ECO_094)
		(Text "Graphics in symbol  modified")
		(Param1 )
	)
	(Comment
		(Time 06/15/09,14:31:23)
		(User yanyo)
		(MsgId ECO_332)
		(Text "Revision for symbol sym_3 has been updated to 1.2.0")
		(Param1 sym_3)
		(Param2 1.2.0)
	)
	(Comment
		(Time 06/15/09,14:31:23)
		(User yanyo)
		(MsgId ECO_332)
		(Text "Revision for symbol sym_2 has been updated to 1.2.0")
		(Param1 sym_2)
		(Param2 1.2.0)
	)
	(Comment
		(Time 06/15/09,14:31:23)
		(User yanyo)
		(MsgId ECO_332)
		(Text "Revision for symbol sym_1 has been updated to 1.3.0")
		(Param1 sym_1)
		(Param2 1.3.0)
	)
	(Comment
		(Time 06/15/09,14:31:23)
		(User yanyo)
		(MsgId ECO_331)
		(Text "Revision for cell res has been updated to 1.6.0")
		(Param1 res)
		(Param2 1.6.0)
	)
	(Comment
		(Time 07/03/09,09:49:04)
		(User wangfag)
		(MsgId ECO_030)
		(Text "Alias RES_0201 added to package RES")
		(Param1 RES_0201)
		(Param2 RES)
	)
	(Comment
		(Time 07/03/09,09:49:04)
		(User wangfag)
		(MsgId ECO_030)
		(Text "Alias RES_2816 added to package RES")
		(Param1 RES_2816)
		(Param2 RES)
	)
	(Comment
		(Time 07/03/09,09:49:04)
		(User wangfag)
		(MsgId ECO_030)
		(Text "Alias RES_1218 added to package RES")
		(Param1 RES_1218)
		(Param2 RES)
	)
	(Comment
		(Time 07/03/09,09:49:04)
		(User wangfag)
		(MsgId ECO_029.1)
		(Text "Property NO_LOAD_CHECK of pin A in slot S1 of package RES modified from Both to BOTH")
		(Param1 NO_LOAD_CHECK)
		(Param2 A)
		(Param3 S1)
		(Param4 RES)
		(Param5 Both)
		(Param6 BOTH)
	)
	(Comment
		(Time 07/03/09,09:49:04)
		(User wangfag)
		(MsgId ECO_029.1)
		(Text "Property NO_IO_CHECK of pin A in slot S1 of package RES modified from Both to BOTH")
		(Param1 NO_IO_CHECK)
		(Param2 A)
		(Param3 S1)
		(Param4 RES)
		(Param5 Both)
		(Param6 BOTH)
	)
	(Comment
		(Time 07/03/09,09:49:04)
		(User wangfag)
		(MsgId ECO_029.1)
		(Text "Property NO_LOAD_CHECK of pin B in slot S1 of package RES modified from Both to BOTH")
		(Param1 NO_LOAD_CHECK)
		(Param2 B)
		(Param3 S1)
		(Param4 RES)
		(Param5 Both)
		(Param6 BOTH)
	)
	(Comment
		(Time 07/03/09,09:49:04)
		(User wangfag)
		(MsgId ECO_029.1)
		(Text "Property NO_IO_CHECK of pin B in slot S1 of package RES modified from Both to BOTH")
		(Param1 NO_IO_CHECK)
		(Param2 B)
		(Param3 S1)
		(Param4 RES)
		(Param5 Both)
		(Param6 BOTH)
	)
	(Comment
		(Time 07/03/09,09:49:05)
		(User wangfag)
		(MsgId ECO_094)
		(Text "Graphics in symbol  modified")
		(Param1 )
	)
	(Comment
		(Time 07/03/09,09:49:05)
		(User wangfag)
		(MsgId ECO_094)
		(Text "Graphics in symbol  modified")
		(Param1 )
	)
	(Comment
		(Time 07/03/09,09:49:05)
		(User wangfag)
		(MsgId ECO_084)
		(Text "Property COMP_TYPE added to symbol sym_1")
		(Param1 COMP_TYPE)
		(Param2 sym_1)
	)
	(Comment
		(Time 07/03/09,09:49:05)
		(User wangfag)
		(MsgId ECO_114)
		(Text "Property visibility is modified for property $PN of pin A in symbol sym_1")
		(Param1 Property visibility)
		(Param2 $PN)
		(Param3 A)
		(Param4 sym_1)
	)
	(Comment
		(Time 07/03/09,09:49:05)
		(User wangfag)
		(MsgId ECO_114)
		(Text "Property visibility is modified for property $PN of pin B in symbol sym_1")
		(Param1 Property visibility)
		(Param2 $PN)
		(Param3 B)
		(Param4 sym_1)
	)
	(Comment
		(Time 07/03/09,09:49:05)
		(User wangfag)
		(MsgId ECO_094)
		(Text "Graphics in symbol  modified")
		(Param1 )
	)
	(Comment
		(Time 07/03/09,09:49:05)
		(User wangfag)
		(MsgId ECO_332)
		(Text "Revision for symbol sym_3 has been updated to 1.3.0")
		(Param1 sym_3)
		(Param2 1.3.0)
	)
	(Comment
		(Time 07/03/09,09:49:05)
		(User wangfag)
		(MsgId ECO_332)
		(Text "Revision for symbol sym_2 has been updated to 1.3.0")
		(Param1 sym_2)
		(Param2 1.3.0)
	)
	(Comment
		(Time 07/03/09,09:49:05)
		(User wangfag)
		(MsgId ECO_332)
		(Text "Revision for symbol sym_1 has been updated to 1.4.0")
		(Param1 sym_1)
		(Param2 1.4.0)
	)
	(Comment
		(Time 07/03/09,09:49:05)
		(User wangfag)
		(MsgId ECO_333)
		(Text "Revision for package RES has been updated to 1.6.0")
		(Param1 RES)
		(Param2 1.6.0)
	)
	(Comment
		(Time 07/03/09,09:49:05)
		(User wangfag)
		(MsgId ECO_331)
		(Text "Revision for cell res has been updated to 1.7.0")
		(Param1 res)
		(Param2 1.7.0)
	)




	(Comment
		(Time 06/29/10,09:57:47)
		(User wangfag)
		(MsgId ECO_030)
		(Text "Alias RES_0201 added to package RES")
		(Param1 RES_0201)
		(Param2 RES)
	)
	(Comment
		(Time 06/29/10,09:57:47)
		(User wangfag)
		(MsgId ECO_030)
		(Text "Alias RES_2816 added to package RES")
		(Param1 RES_2816)
		(Param2 RES)
	)
	(Comment
		(Time 06/29/10,09:57:47)
		(User wangfag)
		(MsgId ECO_030)
		(Text "Alias RES_1218 added to package RES")
		(Param1 RES_1218)
		(Param2 RES)
	)
	(Comment
		(Time 06/29/10,09:57:47)
		(User wangfag)
		(MsgId ECO_029.1)
		(Text "Property NO_LOAD_CHECK of pin A in slot S1 of package RES modified from Both to BOTH")
		(Param1 NO_LOAD_CHECK)
		(Param2 A)
		(Param3 S1)
		(Param4 RES)
		(Param5 Both)
		(Param6 BOTH)
	)
	(Comment
		(Time 06/29/10,09:57:47)
		(User wangfag)
		(MsgId ECO_029.1)
		(Text "Property NO_IO_CHECK of pin A in slot S1 of package RES modified from Both to BOTH")
		(Param1 NO_IO_CHECK)
		(Param2 A)
		(Param3 S1)
		(Param4 RES)
		(Param5 Both)
		(Param6 BOTH)
	)
	(Comment
		(Time 06/29/10,09:57:47)
		(User wangfag)
		(MsgId ECO_029.1)
		(Text "Property NO_LOAD_CHECK of pin B in slot S1 of package RES modified from Both to BOTH")
		(Param1 NO_LOAD_CHECK)
		(Param2 B)
		(Param3 S1)
		(Param4 RES)
		(Param5 Both)
		(Param6 BOTH)
	)
	(Comment
		(Time 06/29/10,09:57:47)
		(User wangfag)
		(MsgId ECO_029.1)
		(Text "Property NO_IO_CHECK of pin B in slot S1 of package RES modified from Both to BOTH")
		(Param1 NO_IO_CHECK)
		(Param2 B)
		(Param3 S1)
		(Param4 RES)
		(Param5 Both)
		(Param6 BOTH)
	)
	(Comment
		(Time 06/29/10,09:57:47)
		(User wangfag)
		(MsgId ECO_094)
		(Text "Graphics in symbol  modified")
		(Param1 )
	)
	(Comment
		(Time 06/29/10,09:57:47)
		(User wangfag)
		(MsgId ECO_094)
		(Text "Graphics in symbol  modified")
		(Param1 )
	)
	(Comment
		(Time 06/29/10,09:57:47)
		(User wangfag)
		(MsgId ECO_084)
		(Text "Property COMP_TYPE added to symbol sym_1")
		(Param1 COMP_TYPE)
		(Param2 sym_1)
	)
	(Comment
		(Time 06/29/10,09:57:47)
		(User wangfag)
		(MsgId ECO_114)
		(Text "Property visibility is modified for property $PN of pin A in symbol sym_1")
		(Param1 Property visibility)
		(Param2 $PN)
		(Param3 A)
		(Param4 sym_1)
	)
	(Comment
		(Time 06/29/10,09:57:47)
		(User wangfag)
		(MsgId ECO_114)
		(Text "Property visibility is modified for property $PN of pin B in symbol sym_1")
		(Param1 Property visibility)
		(Param2 $PN)
		(Param3 B)
		(Param4 sym_1)
	)
	(Comment
		(Time 06/29/10,09:57:47)
		(User wangfag)
		(MsgId ECO_094)
		(Text "Graphics in symbol  modified")
		(Param1 )
	)
	(Comment
		(Time 06/29/10,09:57:47)
		(User wangfag)
		(MsgId ECO_332)
		(Text "Revision for symbol sym_3 has been updated to 1.4.0")
		(Param1 sym_3)
		(Param2 1.4.0)
	)
	(Comment
		(Time 06/29/10,09:57:47)
		(User wangfag)
		(MsgId ECO_332)
		(Text "Revision for symbol sym_2 has been updated to 1.4.0")
		(Param1 sym_2)
		(Param2 1.4.0)
	)
	(Comment
		(Time 06/29/10,09:57:47)
		(User wangfag)
		(MsgId ECO_332)
		(Text "Revision for symbol sym_1 has been updated to 1.5.0")
		(Param1 sym_1)
		(Param2 1.5.0)
	)
	(Comment
		(Time 06/29/10,09:57:47)
		(User wangfag)
		(MsgId ECO_333)
		(Text "Revision for package RES has been updated to 1.7.0")
		(Param1 RES)
		(Param2 1.7.0)
	)
	(Comment
		(Time 06/29/10,09:57:47)
		(User wangfag)
		(MsgId ECO_331)
		(Text "Revision for cell res has been updated to 1.8.0")
		(Param1 res)
		(Param2 1.8.0)
	)
	(Comment
		(Time 07/16/10,14:06:38)
		(User yanyo)
		(MsgId ECO_030)
		(Text "Alias RES_0201 added to package RES")
		(Param1 RES_0201)
		(Param2 RES)
	)
	(Comment
		(Time 07/16/10,14:06:38)
		(User yanyo)
		(MsgId ECO_030)
		(Text "Alias RES_2816 added to package RES")
		(Param1 RES_2816)
		(Param2 RES)
	)
	(Comment
		(Time 07/16/10,14:06:38)
		(User yanyo)
		(MsgId ECO_030)
		(Text "Alias RES_1218 added to package RES")
		(Param1 RES_1218)
		(Param2 RES)
	)
	(Comment
		(Time 07/16/10,14:06:38)
		(User yanyo)
		(MsgId ECO_029.1)
		(Text "Property NO_LOAD_CHECK of pin A in slot S1 of package RES modified from Both to BOTH")
		(Param1 NO_LOAD_CHECK)
		(Param2 A)
		(Param3 S1)
		(Param4 RES)
		(Param5 Both)
		(Param6 BOTH)
	)
	(Comment
		(Time 07/16/10,14:06:38)
		(User yanyo)
		(MsgId ECO_029.1)
		(Text "Property NO_IO_CHECK of pin A in slot S1 of package RES modified from Both to BOTH")
		(Param1 NO_IO_CHECK)
		(Param2 A)
		(Param3 S1)
		(Param4 RES)
		(Param5 Both)
		(Param6 BOTH)
	)
	(Comment
		(Time 07/16/10,14:06:38)
		(User yanyo)
		(MsgId ECO_029.1)
		(Text "Property NO_LOAD_CHECK of pin B in slot S1 of package RES modified from Both to BOTH")
		(Param1 NO_LOAD_CHECK)
		(Param2 B)
		(Param3 S1)
		(Param4 RES)
		(Param5 Both)
		(Param6 BOTH)
	)
	(Comment
		(Time 07/16/10,14:06:38)
		(User yanyo)
		(MsgId ECO_029.1)
		(Text "Property NO_IO_CHECK of pin B in slot S1 of package RES modified from Both to BOTH")
		(Param1 NO_IO_CHECK)
		(Param2 B)
		(Param3 S1)
		(Param4 RES)
		(Param5 Both)
		(Param6 BOTH)
	)
	(Comment
		(Time 07/16/10,14:06:38)
		(User yanyo)
		(MsgId ECO_094)
		(Text "Graphics in symbol  modified")
		(Param1 )
	)
	(Comment
		(Time 07/16/10,14:06:38)
		(User yanyo)
		(MsgId ECO_094)
		(Text "Graphics in symbol  modified")
		(Param1 )
	)
	(Comment
		(Time 07/16/10,14:06:38)
		(User yanyo)
		(MsgId ECO_084)
		(Text "Property COMP_TYPE added to symbol sym_1")
		(Param1 COMP_TYPE)
		(Param2 sym_1)
	)
	(Comment
		(Time 07/16/10,14:06:38)
		(User yanyo)
		(MsgId ECO_114)
		(Text "Property visibility is modified for property $PN of pin A in symbol sym_1")
		(Param1 Property visibility)
		(Param2 $PN)
		(Param3 A)
		(Param4 sym_1)
	)
	(Comment
		(Time 07/16/10,14:06:38)
		(User yanyo)
		(MsgId ECO_114)
		(Text "Property visibility is modified for property $PN of pin B in symbol sym_1")
		(Param1 Property visibility)
		(Param2 $PN)
		(Param3 B)
		(Param4 sym_1)
	)
	(Comment
		(Time 07/16/10,14:06:38)
		(User yanyo)
		(MsgId ECO_094)
		(Text "Graphics in symbol  modified")
		(Param1 )
	)
	(Comment
		(Time 07/16/10,14:06:39)
		(User yanyo)
		(MsgId ECO_332)
		(Text "Revision for symbol sym_3 has been updated to 1.5.0")
		(Param1 sym_3)
		(Param2 1.5.0)
	)
	(Comment
		(Time 07/16/10,14:06:39)
		(User yanyo)
		(MsgId ECO_332)
		(Text "Revision for symbol sym_2 has been updated to 1.5.0")
		(Param1 sym_2)
		(Param2 1.5.0)
	)
	(Comment
		(Time 07/16/10,14:06:39)
		(User yanyo)
		(MsgId ECO_332)
		(Text "Revision for symbol sym_1 has been updated to 1.6.0")
		(Param1 sym_1)
		(Param2 1.6.0)
	)
	(Comment
		(Time 07/16/10,14:06:39)
		(User yanyo)
		(MsgId ECO_333)
		(Text "Revision for package RES has been updated to 1.8.0")
		(Param1 RES)
		(Param2 1.8.0)
	)
	(Comment
		(Time 07/16/10,14:06:39)
		(User yanyo)
		(MsgId ECO_331)
		(Text "Revision for cell res has been updated to 1.9.0")
		(Param1 res)
		(Param2 1.9.0)
	)

	(Comment
		(Time 10/28/10,09:10:29)
		(User wangfag)
		(MsgId ECO_030)
		(Text "Alias RES_0201 added to package RES")
		(Param1 RES_0201)
		(Param2 RES)
	)
	(Comment
		(Time 10/28/10,09:10:29)
		(User wangfag)
		(MsgId ECO_030)
		(Text "Alias RES_2816 added to package RES")
		(Param1 RES_2816)
		(Param2 RES)
	)
	(Comment
		(Time 10/28/10,09:10:29)
		(User wangfag)
		(MsgId ECO_030)
		(Text "Alias RES_1218 added to package RES")
		(Param1 RES_1218)
		(Param2 RES)
	)
	(Comment
		(Time 10/28/10,09:10:29)
		(User wangfag)
		(MsgId ECO_094)
		(Text "Graphics in symbol  modified")
		(Param1 )
	)
	(Comment
		(Time 10/28/10,09:10:29)
		(User wangfag)
		(MsgId ECO_094)
		(Text "Graphics in symbol  modified")
		(Param1 )
	)
	(Comment
		(Time 10/28/10,09:10:29)
		(User wangfag)
		(MsgId ECO_084)
		(Text "Property COMP_TYPE added to symbol sym_1")
		(Param1 COMP_TYPE)
		(Param2 sym_1)
	)
	(Comment
		(Time 10/28/10,09:10:29)
		(User wangfag)
		(MsgId ECO_114)
		(Text "Property visibility is modified for property $PN of pin A in symbol sym_1")
		(Param1 Property visibility)
		(Param2 $PN)
		(Param3 A)
		(Param4 sym_1)
	)
	(Comment
		(Time 10/28/10,09:10:29)
		(User wangfag)
		(MsgId ECO_114)
		(Text "Property visibility is modified for property $PN of pin B in symbol sym_1")
		(Param1 Property visibility)
		(Param2 $PN)
		(Param3 B)
		(Param4 sym_1)
	)
	(Comment
		(Time 10/28/10,09:10:29)
		(User wangfag)
		(MsgId ECO_094)
		(Text "Graphics in symbol  modified")
		(Param1 )
	)
	(Comment
		(Time 10/28/10,09:10:29)
		(User wangfag)
		(MsgId ECO_332)
		(Text "Revision for symbol sym_3 has been updated to 1.6.0")
		(Param1 sym_3)
		(Param2 1.6.0)
	)
	(Comment
		(Time 10/28/10,09:10:29)
		(User wangfag)
		(MsgId ECO_332)
		(Text "Revision for symbol sym_2 has been updated to 1.6.0")
		(Param1 sym_2)
		(Param2 1.6.0)
	)
	(Comment
		(Time 10/28/10,09:10:29)
		(User wangfag)
		(MsgId ECO_332)
		(Text "Revision for symbol sym_1 has been updated to 1.7.0")
		(Param1 sym_1)
		(Param2 1.7.0)
	)
	(Comment
		(Time 10/28/10,09:10:29)
		(User wangfag)
		(MsgId ECO_333)
		(Text "Revision for package RES has been updated to 1.9.0")
		(Param1 RES)
		(Param2 1.9.0)
	)
	(Comment
		(Time 10/28/10,09:10:29)
		(User wangfag)
		(MsgId ECO_331)
		(Text "Revision for cell res has been updated to 1.10.0")
		(Param1 res)
		(Param2 1.10.0)
	)
	(Comment
		(Time 01/17/11,09:38:18)
		(User zhayongm)
		(MsgId ECO_030)
		(Text "Alias RES_0201 added to package RES")
		(Param1 RES_0201)
		(Param2 RES)
	)
	(Comment
		(Time 01/17/11,09:38:18)
		(User zhayongm)
		(MsgId ECO_030)
		(Text "Alias RES_2816 added to package RES")
		(Param1 RES_2816)
		(Param2 RES)
	)
	(Comment
		(Time 01/17/11,09:38:18)
		(User zhayongm)
		(MsgId ECO_030)
		(Text "Alias RES_1218 added to package RES")
		(Param1 RES_1218)
		(Param2 RES)
	)
	(Comment
		(Time 01/17/11,09:38:18)
		(User zhayongm)
		(MsgId ECO_094)
		(Text "Graphics in symbol  modified")
		(Param1 )
	)
	(Comment
		(Time 01/17/11,09:38:18)
		(User zhayongm)
		(MsgId ECO_094)
		(Text "Graphics in symbol  modified")
		(Param1 )
	)
	(Comment
		(Time 01/17/11,09:38:18)
		(User zhayongm)
		(MsgId ECO_084)
		(Text "Property COMP_TYPE added to symbol sym_1")
		(Param1 COMP_TYPE)
		(Param2 sym_1)
	)
	(Comment
		(Time 01/17/11,09:38:18)
		(User zhayongm)
		(MsgId ECO_114)
		(Text "Property visibility is modified for property $PN of pin A in symbol sym_1")
		(Param1 Property visibility)
		(Param2 $PN)
		(Param3 A)
		(Param4 sym_1)
	)
	(Comment
		(Time 01/17/11,09:38:18)
		(User zhayongm)
		(MsgId ECO_114)
		(Text "Property visibility is modified for property $PN of pin B in symbol sym_1")
		(Param1 Property visibility)
		(Param2 $PN)
		(Param3 B)
		(Param4 sym_1)
	)
	(Comment
		(Time 01/17/11,09:38:18)
		(User zhayongm)
		(MsgId ECO_094)
		(Text "Graphics in symbol  modified")
		(Param1 )
	)
	(Comment
		(Time 01/17/11,09:38:18)
		(User zhayongm)
		(MsgId ECO_332)
		(Text "Revision for symbol sym_3 has been updated to 1.7.0")
		(Param1 sym_3)
		(Param2 1.7.0)
	)
	(Comment
		(Time 01/17/11,09:38:18)
		(User zhayongm)
		(MsgId ECO_332)
		(Text "Revision for symbol sym_2 has been updated to 1.7.0")
		(Param1 sym_2)
		(Param2 1.7.0)
	)
	(Comment
		(Time 01/17/11,09:38:18)
		(User zhayongm)
		(MsgId ECO_332)
		(Text "Revision for symbol sym_1 has been updated to 1.8.0")
		(Param1 sym_1)
		(Param2 1.8.0)
	)
	(Comment
		(Time 01/17/11,09:38:18)
		(User zhayongm)
		(MsgId ECO_333)
		(Text "Revision for package RES has been updated to 1.10.0")
		(Param1 RES)
		(Param2 1.10.0)
	)
	(Comment
		(Time 01/17/11,09:38:18)
		(User zhayongm)
		(MsgId ECO_331)
		(Text "Revision for cell res has been updated to 1.11.0")
		(Param1 res)
		(Param2 1.11.0)
	)
	(Comment
		(Time 01/24/11,13:30:04)
		(User zhayongm)
		(MsgId ECO_030)
		(Text "Alias RES_0201 added to package RES")
		(Param1 RES_0201)
		(Param2 RES)
	)
	(Comment
		(Time 01/24/11,13:30:04)
		(User zhayongm)
		(MsgId ECO_030)
		(Text "Alias RES_2816 added to package RES")
		(Param1 RES_2816)
		(Param2 RES)
	)
	(Comment
		(Time 01/24/11,13:30:04)
		(User zhayongm)
		(MsgId ECO_030)
		(Text "Alias RES_1218 added to package RES")
		(Param1 RES_1218)
		(Param2 RES)
	)
	(Comment
		(Time 01/24/11,13:30:04)
		(User zhayongm)
		(MsgId ECO_094)
		(Text "Graphics in symbol  modified")
		(Param1 )
	)
	(Comment
		(Time 01/24/11,13:30:04)
		(User zhayongm)
		(MsgId ECO_094)
		(Text "Graphics in symbol  modified")
		(Param1 )
	)
	(Comment
		(Time 01/24/11,13:30:04)
		(User zhayongm)
		(MsgId ECO_084)
		(Text "Property COMP_TYPE added to symbol sym_1")
		(Param1 COMP_TYPE)
		(Param2 sym_1)
	)
	(Comment
		(Time 01/24/11,13:30:04)
		(User zhayongm)
		(MsgId ECO_114)
		(Text "Property visibility is modified for property $PN of pin A in symbol sym_1")
		(Param1 Property visibility)
		(Param2 $PN)
		(Param3 A)
		(Param4 sym_1)
	)
	(Comment
		(Time 01/24/11,13:30:04)
		(User zhayongm)
		(MsgId ECO_114)
		(Text "Property visibility is modified for property $PN of pin B in symbol sym_1")
		(Param1 Property visibility)
		(Param2 $PN)
		(Param3 B)
		(Param4 sym_1)
	)
	(Comment
		(Time 01/24/11,13:30:04)
		(User zhayongm)
		(MsgId ECO_094)
		(Text "Graphics in symbol  modified")
		(Param1 )
	)
	(Comment
		(Time 01/24/11,13:30:04)
		(User zhayongm)
		(MsgId ECO_332)
		(Text "Revision for symbol sym_3 has been updated to 1.8.0")
		(Param1 sym_3)
		(Param2 1.8.0)
	)
	(Comment
		(Time 01/24/11,13:30:04)
		(User zhayongm)
		(MsgId ECO_332)
		(Text "Revision for symbol sym_2 has been updated to 1.8.0")
		(Param1 sym_2)
		(Param2 1.8.0)
	)
	(Comment
		(Time 01/24/11,13:30:04)
		(User zhayongm)
		(MsgId ECO_332)
		(Text "Revision for symbol sym_1 has been updated to 1.9.0")
		(Param1 sym_1)
		(Param2 1.9.0)
	)
	(Comment
		(Time 01/24/11,13:30:04)
		(User zhayongm)
		(MsgId ECO_333)
		(Text "Revision for package RES has been updated to 1.11.0")
		(Param1 RES)
		(Param2 1.11.0)
	)
	(Comment
		(Time 01/24/11,13:30:04)
		(User zhayongm)
		(MsgId ECO_331)
		(Text "Revision for cell res has been updated to 1.12.0")
		(Param1 res)
		(Param2 1.12.0)
	)
	(Comment
		(Time 03/11/11,10:06:59)
		(User wangfag)
		(MsgId ECO_094)
		(Text "Graphics in symbol  modified")
		(Param1 )
	)
	(Comment
		(Time 03/11/11,10:07:00)
		(User wangfag)
		(MsgId ECO_094)
		(Text "Graphics in symbol  modified")
		(Param1 )
	)
	(Comment
		(Time 03/11/11,10:07:00)
		(User wangfag)
		(MsgId ECO_094)
		(Text "Graphics in symbol  modified")
		(Param1 )
	)
	(Comment
		(Time 03/11/11,10:07:00)
		(User wangfag)
		(MsgId ECO_332)
		(Text "Revision for symbol sym_3 has been updated to 1.9.0")
		(Param1 sym_3)
		(Param2 1.9.0)
	)
	(Comment
		(Time 03/11/11,10:07:00)
		(User wangfag)
		(MsgId ECO_332)
		(Text "Revision for symbol sym_2 has been updated to 1.9.0")
		(Param1 sym_2)
		(Param2 1.9.0)
	)
	(Comment
		(Time 03/11/11,10:07:00)
		(User wangfag)
		(MsgId ECO_332)
		(Text "Revision for symbol sym_1 has been updated to 1.10.0")
		(Param1 sym_1)
		(Param2 1.10.0)
	)
	(Comment
		(Time 03/11/11,10:07:00)
		(User wangfag)
		(MsgId ECO_331)
		(Text "Revision for cell res has been updated to 1.13.0")
		(Param1 res)
		(Param2 1.13.0)
	)
