FILE_TYPE=LIBRARY_PARTS;
primitive 'BAT_2P','BAT_2P_PTH','BAT_2P_SMD';
  pin
    'N':
      PIN_NUMBER='(2)';
      PINUSE='UNSPEC';
      NO_LOAD_CHECK='Both';
      NO_IO_CHECK='Both';
      NO_ASSERT_CHECK='TRUE';
      NO_DIR_CHECK='TRUE';
      ALLOW_CONNECT='TRUE';
    'P':
      PIN_NUMBER='(1)';
      PINUSE='UNSPEC';
      NO_LOAD_CHECK='Both';
      NO_IO_CHECK='Both';
      NO_ASSERT_CHECK='TRUE';
      NO_DIR_CHECK='TRUE';
      ALLOW_CONNECT='TRUE';
  end_pin;
  body
    PART_NAME='BAT_2P';
    BODY_NAME='BAT_2P';
    PHYS_DES_PREFIX='BT';
    CLASS='IO';
  end_body;
end_primitive;

END.
