(Cell	bat_2p

	(RevisionInfoBlock	

		(Baselined	1)

		(Revision	1.0.0)

		(ModificationStatus	NULL)

		(Status	Baselined)

		(ErrorStatus	0)

		(CreateInfo	

			(Time	10/07/08,11:11:32)

			(User	wangfag)

			(Path	battery.bat_2p)

		)

	)

	(Views	

		(View	Symbol

			(Symbols	1

				(Symbol	sym_1

					(Symbol_Type	Normal)

					(Max_Size	0)

					(Checksum	000000005eb29ad1)

					(RevisionInfoBlock	

						(Baselined	1)

						(Revision	1.0.0)

						(ModificationStatus	NULL)

						(Status	Baselined)

						(ErrorStatus	0)

						(CreateInfo	

							(Time	10/07/08,11:11:32)

							(User	wangfag)

							(Path	battery.bat_2p)

						)

					)

				)

			)

			(Checksum	000000001d8103de)

		)

		(View	Chips

			(Checksum	00000000b4ba9310)

			(Primitives	1

				(Primitive	BAT_2P

					(RevisionInfoBlock	

						(Baselined	1)

						(Revision	1.0.0)

						(ModificationStatus	NULL)

						(Status	Baselined)

						(ErrorStatus	0)

						(CreateInfo	

							(Time	10/07/08,11:11:32)

							(User	wangfag)

							(Path	battery.bat_2p)

						)

					)

					(LogicalPhysicalPartRelation	

						(LogicalPart	BAT_2P

							(PackType	BAT_2P)

							(PackType	BAT_2P_PTH)

						)

					)

					(Packages	2

						(FunctionGroups	1

							(FunctionGroup	1[1]

								(Linkages	

									(Linkage	Symbol

										(Name	sym_1)

									)

								)

							)

						)

					)

				)

			)

		)

		(Checksum	000000001d1f03e5)

	)

	(VersionInfoBlock	

		(ToolName	PDV)

		(Version	15.70-p003)

		(License	PCB_librarian_expert)

	)

	(Checksum	000000001c9003aa)

)


(Cell	bat_2p

	(RevisionInfoBlock	

		(Baselined	1)

		(Revision	1.1.0)

		(ModificationStatus	NULL)

		(Status	Baselined)

		(ErrorStatus	0)

		(CreateInfo	

			(Time	10/07/08,11:11:32)

			(User	wangfag)

			(Path	battery.bat_2p)

		)

		(LastModifyInfo	

			(Time	10/07/08,12:22:13)

			(User	wangfag)

			(Path	battery.bat_2p)

		)

	)

	(Views	

		(View	Symbol

			(Symbols	1

				(Symbol	sym_1

					(Symbol_Type	Normal)

					(Max_Size	0)

					(Checksum	00000000f0ec9bd3)

					(RevisionInfoBlock	

						(Baselined	1)

						(Revision	1.1.0)

						(ModificationStatus	NULL)

						(Status	Baselined)

						(ErrorStatus	0)

						(CreateInfo	

							(Time	10/07/08,11:11:32)

							(User	wangfag)

							(Path	battery.bat_2p)

						)

						(LastModifyInfo	

							(Time	10/07/08,12:22:13)

							(User	wangfag)

							(Path	battery.bat_2p)

						)

					)

				)

			)

			(Checksum	000000001ea20411)

		)

		(View	Chips

			(Checksum	00000000b4ba9310)

			(Primitives	1

				(Primitive	BAT_2P

					(RevisionInfoBlock	

						(Baselined	1)

						(Revision	1.0.0)

						(ModificationStatus	NULL)

						(Status	Baselined)

						(ErrorStatus	0)

						(CreateInfo	

							(Time	10/07/08,11:11:32)

							(User	wangfag)

							(Path	battery.bat_2p)

						)

					)

					(LogicalPhysicalPartRelation	

						(LogicalPart	BAT_2P

							(PackType	BAT_2P)

							(PackType	BAT_2P_PTH)

						)

					)

					(Packages	2

						(FunctionGroups	1

							(FunctionGroup	1[1]

								(Linkages	

									(Linkage	Symbol

										(Name	sym_1)

									)

								)

							)

						)

					)

				)

			)

		)

		(Checksum	000000001ca00383)

	)

	(VersionInfoBlock	

		(ToolName	PDV)

		(Version	15.70-p003)

		(License	PCB_librarian_expert)

	)

	(Checksum	000000001c3f0374)

)


(Cell	bat_2p

	(RevisionInfoBlock	

		(Baselined	1)

		(Revision	1.1.0)

		(ModificationStatus	NULL)

		(Status	Baselined)

		(ErrorStatus	0)

		(CreateInfo	

			(Time	10/07/08,11:11:32)

			(User	wangfag)

			(Path	battery.bat_2p)

		)

		(LastModifyInfo	

			(Time	10/07/08,12:22:13)

			(User	wangfag)

			(Path	battery.bat_2p)

		)

	)

	(Views	

		(View	Symbol

			(Symbols	1

				(Symbol	sym_1

					(Symbol_Type	Normal)

					(Max_Size	0)

					(Checksum	00000000bd719bbb)

					(RevisionInfoBlock	

						(Baselined	1)

						(Revision	1.1.0)

						(ModificationStatus	NULL)

						(Status	Baselined)

						(ErrorStatus	0)

						(CreateInfo	

							(Time	10/07/08,11:11:32)

							(User	wangfag)

							(Path	battery.bat_2p)

						)

					)

				)

			)

			(Checksum	000000001e0b040e)

		)

		(View	Chips

			(Checksum	00000000b4ba9310)

			(Primitives	1

				(Primitive	BAT_2P

					(RevisionInfoBlock	

						(Baselined	1)

						(Revision	1.0.0)

						(ModificationStatus	NULL)

						(Status	Baselined)

						(ErrorStatus	0)

						(CreateInfo	

							(Time	10/07/08,11:11:32)

							(User	wangfag)

							(Path	battery.bat_2p)

						)

					)

					(LogicalPhysicalPartRelation	

						(LogicalPart	BAT_2P

							(PackType	BAT_2P)

							(PackType	BAT_2P_PTH)

						)

					)

					(Packages	2

						(FunctionGroups	1

							(FunctionGroup	1[1]

								(Linkages	

									(Linkage	Symbol

										(Name	sym_1)

									)

								)

							)

						)

					)

				)

			)

		)

		(Checksum	000000001cf903b5)

	)

	(VersionInfoBlock	

		(ToolName	PDV)

		(Version	15.70-p003)

		(License	PCB_librarian_expert)

	)

	(Checksum	000000001ce003ae)

)


(Cell	bat_2p

	(RevisionInfoBlock	

		(Baselined	1)

		(Revision	1.1.0)

		(ModificationStatus	NULL)

		(Status	Baselined)

		(ErrorStatus	0)

		(CreateInfo	

			(Time	10/07/08,11:11:32)

			(User	wangfag)

			(Path	battery.bat_2p)

		)

		(LastModifyInfo	

			(Time	10/07/08,12:22:13)

			(User	wangfag)

			(Path	battery.bat_2p)

		)

	)

	(Views	

		(View	Symbol

			(Symbols	1

				(Symbol	sym_1

					(Symbol_Type	Normal)

					(Max_Size	0)

					(Checksum	00000000f5709b3a)

					(RevisionInfoBlock	

						(Baselined	1)

						(Revision	1.1.0)

						(ModificationStatus	NULL)

						(Status	Baselined)

						(ErrorStatus	0)

						(CreateInfo	

							(Time	10/07/08,11:11:32)

							(User	wangfag)

							(Path	battery.bat_2p)

						)

					)

				)

			)

			(Checksum	000000001c7e03b2)

		)

		(View	Chips

			(Checksum	00000000b4ba9310)

			(Primitives	1

				(Primitive	BAT_2P

					(RevisionInfoBlock	

						(Baselined	1)

						(Revision	1.0.0)

						(ModificationStatus	NULL)

						(Status	Baselined)

						(ErrorStatus	0)

						(CreateInfo	

							(Time	10/07/08,11:11:32)

							(User	wangfag)

							(Path	battery.bat_2p)

						)

					)

					(LogicalPhysicalPartRelation	

						(LogicalPart	BAT_2P

							(PackType	BAT_2P)

							(PackType	BAT_2P_PTH)

						)

					)

					(Packages	2

						(FunctionGroups	1

							(FunctionGroup	1[1]

								(Linkages	

									(Linkage	Symbol

										(Name	sym_1)

									)

								)

							)

						)

					)

				)

			)

		)

		(Checksum	000000001c0f0385)

	)

	(VersionInfoBlock	

		(ToolName	PDV)

		(Version	15.70-p003)

		(License	PCB_librarian_expert)

	)

	(Checksum	000000001c29037b)

)


(Cell	bat_2p

	(RevisionInfoBlock	

		(Baselined	1)

		(Revision	1.1.0)

		(ModificationStatus	NULL)

		(Status	Baselined)

		(ErrorStatus	0)

		(CreateInfo	

			(Time	10/07/08,11:11:32)

			(User	wangfag)

			(Path	battery.bat_2p)

		)

		(LastModifyInfo	

			(Time	10/07/08,12:22:13)

			(User	wangfag)

			(Path	battery.bat_2p)

		)

	)

	(Views	

		(View	Symbol

			(Symbols	1

				(Symbol	sym_1

					(Symbol_Type	Normal)

					(Max_Size	0)

					(Checksum	00000000da679b2e)

					(RevisionInfoBlock	

						(Baselined	1)

						(Revision	1.1.0)

						(ModificationStatus	NULL)

						(Status	Baselined)

						(ErrorStatus	0)

						(CreateInfo	

							(Time	10/07/08,11:11:32)

							(User	wangfag)

							(Path	battery.bat_2p)

						)

					)

				)

			)

			(Checksum	000000001dc103e5)

		)

		(View	Chips

			(Checksum	00000000b4ba9310)

			(Primitives	1

				(Primitive	BAT_2P

					(RevisionInfoBlock	

						(Baselined	1)

						(Revision	1.0.0)

						(ModificationStatus	NULL)

						(Status	Baselined)

						(ErrorStatus	0)

						(CreateInfo	

							(Time	10/07/08,11:11:32)

							(User	wangfag)

							(Path	battery.bat_2p)

						)

					)

					(LogicalPhysicalPartRelation	

						(LogicalPart	BAT_2P

							(PackType	BAT_2P)

							(PackType	BAT_2P_PTH)

						)

					)

					(Packages	2

						(FunctionGroups	1

							(FunctionGroup	1[1]

								(Linkages	

									(Linkage	Symbol

										(Name	sym_1)

									)

								)

							)

						)

					)

				)

			)

		)

		(Checksum	000000001d0903ba)

	)

	(VersionInfoBlock	

		(ToolName	PDV)

		(Version	15.70-p003)

		(License	PCB_librarian_expert)

	)

	(Checksum	000000001bcf03a5)

)


(Cell	bat_2p

	(RevisionInfoBlock	

		(Baselined	1)

		(Revision	1.1.0)

		(ModificationStatus	NULL)

		(Status	Baselined)

		(ErrorStatus	0)

		(CreateInfo	

			(Time	10/07/08,11:11:32)

			(User	wangfag)

			(Path	battery.bat_2p)

		)

		(LastModifyInfo	

			(Time	10/07/08,12:22:13)

			(User	wangfag)

			(Path	battery.bat_2p)

		)

	)

	(Views	

		(View	Symbol

			(Symbols	1

				(Symbol	sym_1

					(Symbol_Type	Normal)

					(Max_Size	0)

					(Checksum	00000000da679b2e)

					(RevisionInfoBlock	

						(Baselined	1)

						(Revision	1.1.0)

						(ModificationStatus	NULL)

						(Status	Baselined)

						(ErrorStatus	0)

						(CreateInfo	

							(Time	10/07/08,11:11:32)

							(User	wangfag)

							(Path	battery.bat_2p)

						)

					)

				)

			)

			(Checksum	000000001dc103e5)

		)

		(View	Chips

			(Checksum	00000000b4ba9310)

			(Primitives	1

				(Primitive	BAT_2P

					(RevisionInfoBlock	

						(Baselined	1)

						(Revision	1.0.0)

						(ModificationStatus	NULL)

						(Status	Baselined)

						(ErrorStatus	0)

						(CreateInfo	

							(Time	10/07/08,11:11:32)

							(User	wangfag)

							(Path	battery.bat_2p)

						)

					)

					(LogicalPhysicalPartRelation	

						(LogicalPart	BAT_2P

							(PackType	BAT_2P)

							(PackType	BAT_2P_PTH)

						)

					)

					(Packages	2

						(FunctionGroups	1

							(FunctionGroup	1[1]

								(Linkages	

									(Linkage	Symbol

										(Name	sym_1)

									)

								)

							)

						)

					)

				)

			)

		)

		(Checksum	000000001d0903ba)

	)

	(VersionInfoBlock	

		(ToolName	PDV)

		(Version	15.70-p003)

		(License	PCB_librarian_expert)

	)

	(Checksum	000000001bcf03a5)

)


(Cell	bat_2p

	(RevisionInfoBlock	

		(Baselined	1)

		(Revision	1.2.0)

		(ModificationStatus	NULL)

		(Status	Baselined)

		(ErrorStatus	0)

		(CreateInfo	

			(Time	10/07/08,11:11:32)

			(User	wangfag)

			(Path	battery.bat_2p)

		)

		(LastModifyInfo	

			(Time	10/07/08,12:22:13)

			(User	wangfag)

			(Path	battery.bat_2p)

		)

	)

	(Views	

		(View	Symbol

			(RevisionInfoBlock	

				(Baselined	1)

				(Revision	1.0.0)

				(ModificationStatus	NULL)

				(Status	Baselined)

				(ErrorStatus	0)

				(CreateInfo	

					(Time	)

					(User	)

					(Path	)

				)

			)

			(Symbols	1

				(Symbol	sym_1

					(Symbol_Type	Normal)

					(Max_Size	0)

					(Checksum	00000000da679b2e)

					(RevisionInfoBlock	

						(Baselined	1)

						(Revision	1.1.0)

						(ModificationStatus	NULL)

						(Status	Baselined)

						(ErrorStatus	0)

						(CreateInfo	

							(Time	10/07/08,11:11:32)

							(User	wangfag)

							(Path	battery.bat_2p)

						)

					)

				)

			)

			(Checksum	000000001dc103e5)

		)

		(View	Chips

			(Checksum	00000000ed869685)

			(Primitives	1

				(Primitive	BAT_2P

					(RevisionInfoBlock	

						(Baselined	1)

						(Revision	1.0.0)

						(ModificationStatus	NULL)

						(Status	Baselined)

						(ErrorStatus	0)

						(CreateInfo	

							(Time	10/07/08,11:11:32)

							(User	wangfag)

							(Path	battery.bat_2p)

						)

					)

					(LogicalPhysicalPartRelation	

						(LogicalPart	BAT_2P

							(PackType	BAT_2P)

							(PackType	BAT_2P_PTH)

							(PackType	BAT_2P_SMD)

						)

					)

					(Packages	3

						(FunctionGroups	1

							(FunctionGroup	1[1]

								(Linkages	

									(Linkage	Symbol

										(Name	sym_1)

									)

								)

							)

						)

					)

				)

			)

		)

		(Checksum	000000001c2603b0)

	)

	(VersionInfoBlock	

		(ToolName	PDV)

		(Version	Unreleased (v16-6-112BZ))

		(License	PCB_Library_Workbench_XL)

	)

	(Checksum	000000001b940372)

)


(Cell	bat_2p

	(RevisionInfoBlock	

		(Baselined	1)

		(Revision	1.4.0)

		(ModificationStatus	NULL)

		(Status	Baselined)

		(ErrorStatus	0)

		(CreateInfo	

			(Time	10/07/08,11:11:32)

			(User	wangfag)

			(Path	battery.bat_2p)

		)

		(LastModifyInfo	

			(Time	10/07/08,12:22:13)

			(User	wangfag)

			(Path	battery.bat_2p)

		)

	)

	(Views	

		(View	Symbol

			(RevisionInfoBlock	

				(Baselined	1)

				(Revision	1.0.0)

				(ModificationStatus	NULL)

				(Status	Baselined)

				(ErrorStatus	0)

				(CreateInfo	

					(Time	)

					(User	)

					(Path	)

				)

			)

			(Symbols	1

				(Symbol	sym_1

					(Symbol_Type	Normal)

					(Max_Size	0)

					(Checksum	00000000da679b2e)

					(RevisionInfoBlock	

						(Baselined	1)

						(Revision	1.1.0)

						(ModificationStatus	NULL)

						(Status	Baselined)

						(ErrorStatus	0)

						(CreateInfo	

							(Time	10/07/08,11:11:32)

							(User	wangfag)

							(Path	battery.bat_2p)

						)

					)

				)

			)

			(Checksum	000000001dc103e5)

		)

		(View	Chips

			(Checksum	00000000ed869685)

			(Primitives	1

				(Primitive	BAT_2P

					(RevisionInfoBlock	

						(Baselined	1)

						(Revision	1.0.0)

						(ModificationStatus	NULL)

						(Status	Baselined)

						(ErrorStatus	0)

						(CreateInfo	

							(Time	10/07/08,11:11:32)

							(User	wangfag)

							(Path	battery.bat_2p)

						)

					)

					(LogicalPhysicalPartRelation	

						(LogicalPart	BAT_2P

							(PackType	BAT_2P)

							(PackType	BAT_2P_PTH)

							(PackType	BAT_2P_SMD)

						)

					)

					(Packages	3

						(FunctionGroups	1

							(FunctionGroup	1[1]

								(Linkages	

									(Linkage	Symbol

										(Name	sym_1)

									)

								)

							)

						)

					)

				)

			)

		)

		(Checksum	000000001c2603b0)

	)

	(VersionInfoBlock	

		(ToolName	PDV)

		(Version	Unreleased (3703331))

		(License	PCB_Library_Manager)

	)

	(Checksum	000000001b940372)

)


